12:52:16.227 [main] INFO  RegistrationFieldValidation - Error message and color are as intended for First Name field.
12:52:16.292 [main] INFO  RegistrationFieldValidation - Error message and color are as intended for Last Name field.
12:52:16.351 [main] INFO  RegistrationFieldValidation - Error message and color are as intended for Address field.
12:52:16.395 [main] INFO  RegistrationFieldValidation - Error message and color are as intended for City field.
12:52:16.440 [main] INFO  RegistrationFieldValidation - Error message and color are as intended for State field.
12:52:16.491 [main] INFO  RegistrationFieldValidation - Error message and color are as intended for Zip Code field.
12:52:16.539 [main] INFO  RegistrationFieldValidation - Error message and color are as intended for Social Security Number field.
12:52:16.591 [main] INFO  RegistrationFieldValidation - Error message and color are as intended for Username field.
12:52:16.640 [main] INFO  RegistrationFieldValidation - Error message and color are as intended for Password field.
12:52:16.697 [main] INFO  RegistrationFieldValidation - Error message and color are as intended for Password confirm field.
12:52:21.946 [main] INFO  BaseTest - User login successful
12:52:28.483 [main] INFO  OpenNewBankAccount - Found account with number: 13566 with expected balance.
12:52:30.893 [main] INFO  OpenNewBankAccount - Correct balance of first account found: $49900.00
12:52:30.923 [main] INFO  OpenNewBankAccount - Correct balance of second account found: $100.00
12:52:38.393 [main] INFO  OpenNewBankAccount - Found account with number: 13788 with expected balance.
12:52:40.825 [main] INFO  OpenNewBankAccount - Correct balance of first account found: $49900.00
12:52:40.858 [main] INFO  OpenNewBankAccount - Correct balance of second account found: $100.00
12:52:43.215 [main] INFO  TransferFunds - Balance of first account is correct: $49900.00
12:52:43.244 [main] INFO  TransferFunds - Balance of second account is correct: $100.00
12:52:46.366 [main] INFO  TransferFunds - $5000 has been transferred to second account!
12:53:00.260 [main] INFO  RequestLoan - Account type: LOAN
12:53:01.637 [main] INFO  RequestLoan - Account numbers are matching!
12:53:02.520 [main] INFO  RequestLoan - First down payment $1500.00 has been paid. Main account balance is: $48500.00
12:53:04.222 [main] INFO  RequestLoan - Loan account balance: $10000.00
12:53:10.810 [main] INFO  OpenNewBankAccount - Found account with number: 14232 with expected balance.
12:53:13.253 [main] INFO  OpenNewBankAccount - Correct balance of first account found: $49900.00
12:53:13.282 [main] INFO  OpenNewBankAccount - Correct balance of second account found: $100.00
12:53:23.333 [main] INFO  OpenNewBankAccount - Found account with number: 14454 with expected balance.
12:53:25.743 [main] INFO  OpenNewBankAccount - Correct balance of first account found: $49900.00
12:53:25.773 [main] INFO  OpenNewBankAccount - Correct balance of second account found: $100.00
12:53:42.695 [main] INFO  RegistrationFieldValidation - Error message and color are as intended for First Name field.
12:53:42.738 [main] INFO  RegistrationFieldValidation - Error message and color are as intended for Last Name field.
12:53:42.778 [main] INFO  RegistrationFieldValidation - Error message and color are as intended for Address field.
12:53:42.818 [main] INFO  RegistrationFieldValidation - Error message and color are as intended for City field.
12:53:42.857 [main] INFO  RegistrationFieldValidation - Error message and color are as intended for State field.
12:53:42.898 [main] INFO  RegistrationFieldValidation - Error message and color are as intended for Zip Code field.
12:53:42.937 [main] INFO  RegistrationFieldValidation - Error message and color are as intended for Social Security Number field.
12:53:42.977 [main] INFO  RegistrationFieldValidation - Error message and color are as intended for Username field.
12:53:43.015 [main] INFO  RegistrationFieldValidation - Error message and color are as intended for Password field.
12:53:43.056 [main] INFO  RegistrationFieldValidation - Error message and color are as intended for Password confirm field.
12:53:48.166 [main] INFO  BaseTest - User login successful
12:53:53.828 [main] INFO  OpenNewBankAccount - Found account with number: 13566 with expected balance.
12:53:56.227 [main] INFO  OpenNewBankAccount - Correct balance of first account found: $49900.00
12:53:56.254 [main] INFO  OpenNewBankAccount - Correct balance of second account found: $100.00
12:54:03.021 [main] INFO  OpenNewBankAccount - Found account with number: 13788 with expected balance.
12:54:05.384 [main] INFO  OpenNewBankAccount - Correct balance of first account found: $49900.00
12:54:05.412 [main] INFO  OpenNewBankAccount - Correct balance of second account found: $100.00
12:54:07.740 [main] INFO  TransferFunds - Balance of first account is correct: $49900.00
12:54:07.765 [main] INFO  TransferFunds - Balance of second account is correct: $100.00
12:54:10.870 [main] INFO  TransferFunds - $5000 has been transferred to second account!
12:54:24.271 [main] INFO  RequestLoan - Account type: LOAN
12:54:25.643 [main] INFO  RequestLoan - Account numbers are matching!
12:54:26.527 [main] INFO  RequestLoan - First down payment $1500.00 has been paid. Main account balance is: $48500.00
12:54:28.150 [main] INFO  RequestLoan - Loan account balance: $10000.00
12:54:35.099 [main] INFO  OpenNewBankAccount - Found account with number: 14232 with expected balance.
12:54:37.478 [main] INFO  OpenNewBankAccount - Correct balance of first account found: $49900.00
12:54:37.503 [main] INFO  OpenNewBankAccount - Correct balance of second account found: $100.00
