14:08:59.607 [main] INFO  RegistrationFieldValidation - Error message and color are as intended for First Name field.
14:08:59.629 [main] INFO  RegistrationFieldValidation - Error message and color are as intended for Last Name field.
14:08:59.647 [main] INFO  RegistrationFieldValidation - Error message and color are as intended for Address field.
14:08:59.667 [main] INFO  RegistrationFieldValidation - Error message and color are as intended for City field.
14:08:59.685 [main] INFO  RegistrationFieldValidation - Error message and color are as intended for State field.
14:08:59.704 [main] INFO  RegistrationFieldValidation - Error message and color are as intended for Zip Code field.
14:08:59.722 [main] INFO  RegistrationFieldValidation - Error message and color are as intended for Social Security Number field.
14:08:59.742 [main] INFO  RegistrationFieldValidation - Error message and color are as intended for Username field.
14:08:59.761 [main] INFO  RegistrationFieldValidation - Error message and color are as intended for Password field.
14:08:59.779 [main] INFO  RegistrationFieldValidation - Error message and color are as intended for Password confirm field.
14:09:07.422 [main] INFO  BaseTest - User login successful
14:09:14.852 [main] INFO  OpenNewBankAccount - Found account with number: 13677 with expected balance.
14:09:17.058 [main] INFO  OpenNewBankAccount - Correct balance of first account found: $49900.00
14:09:17.070 [main] INFO  OpenNewBankAccount - Correct balance of second account found: $100.00
14:09:22.498 [main] INFO  OpenNewBankAccount - Found account with number: 13899 with expected balance.
14:09:24.718 [main] INFO  OpenNewBankAccount - Correct balance of first account found: $49900.00
14:09:24.731 [main] INFO  OpenNewBankAccount - Correct balance of second account found: $100.00
14:09:27.024 [main] INFO  TransferFunds - Balance of first account is correct: $49900.00
14:09:27.037 [main] INFO  TransferFunds - Balance of second account is correct: $100.00
14:09:29.973 [main] INFO  TransferFunds - $5000 has been transferred to second account!
14:09:41.303 [main] INFO  RequestLoan - Account type: LOAN
14:09:42.616 [main] INFO  RequestLoan - Account numbers are matching!
14:09:43.456 [main] INFO  RequestLoan - First down payment $1500.00 has been paid. Main account balance is: $48500.00
14:09:45.031 [main] INFO  RequestLoan - Loan account balance: $10000.00
14:09:51.488 [main] INFO  OpenNewBankAccount - Found account with number: 14343 with expected balance.
14:09:53.661 [main] INFO  OpenNewBankAccount - Correct balance of first account found: $49900.00
14:09:53.673 [main] INFO  OpenNewBankAccount - Correct balance of second account found: $100.00
14:10:03.518 [main] INFO  OpenNewBankAccount - Found account with number: 14565 with expected balance.
14:10:05.697 [main] INFO  OpenNewBankAccount - Correct balance of first account found: $49900.00
14:10:05.710 [main] INFO  OpenNewBankAccount - Correct balance of second account found: $100.00
