11:15:28.784 [main] INFO  config.Log - Starting Selenium Grid on Docker container
11:15:50.002 [main] INFO  config.Log - ======== Start Test Case: registrationFieldValidationTest ========
11:15:54.322 [main] INFO  UserSignupFormValidation - Error message and color are as intended for First Name field.
11:15:54.374 [main] INFO  UserSignupFormValidation - Error message and color are as intended for Last Name field.
11:15:54.429 [main] INFO  UserSignupFormValidation - Error message and color are as intended for Address field.
11:15:54.493 [main] INFO  UserSignupFormValidation - Error message and color are as intended for City field.
11:15:54.579 [main] INFO  UserSignupFormValidation - Error message and color are as intended for State field.
11:15:54.631 [main] INFO  UserSignupFormValidation - Error message and color are as intended for Zip Code field.
11:15:54.686 [main] INFO  UserSignupFormValidation - Error message and color are as intended for Social Security Number field.
11:15:54.767 [main] INFO  UserSignupFormValidation - Error message and color are as intended for Username field.
11:15:54.819 [main] INFO  UserSignupFormValidation - Error message and color are as intended for Password field.
11:15:54.867 [main] INFO  UserSignupFormValidation - Error message and color are as intended for Password confirm field.
11:15:54.868 [main] INFO  config.Log - ======== End Test Case: registrationFieldValidationTest ========
11:15:54.998 [main] INFO  config.Log - Driver quit successfully

11:15:55.331 [main] INFO  config.Log - ======== Start Test Case: userLogInTest ========
11:16:02.515 [main] ERROR HomePageUserRegistration - Registration failed: Success message not found
11:16:04.641 [main] INFO  config.Log - User login successful
11:16:04.641 [main] INFO  config.Log - ======== End Test Case: userLogInTest ========
11:16:04.721 [main] INFO  config.Log - Driver quit successfully

11:16:05.109 [main] INFO  config.Log - ======== Start Test Case: userOpensNewBankAccountTest ========
11:16:12.336 [main] ERROR HomePageUserRegistration - Registration failed: Success message not found
11:16:15.208 [main] INFO  NewBankAccountOpener - Found account with number: 13566 with expected balance.
11:16:17.630 [main] INFO  NewBankAccountOpener - Correct balance of first account found: $49900.00
11:16:17.659 [main] INFO  NewBankAccountOpener - Correct balance of second account found: $100.00
11:16:17.723 [main] INFO  config.Log - ======== End Test Case: userOpensNewBankAccountTest ========
11:16:17.854 [main] INFO  config.Log - Driver quit successfully

11:16:18.310 [main] INFO  config.Log - ======== Start Test Case: userTransfersTheFundsTest ========
11:16:24.845 [main] ERROR HomePageUserRegistration - Registration failed: Success message not found
11:16:27.466 [main] INFO  NewBankAccountOpener - Found account with number: 15009 with expected balance.
11:16:29.840 [main] INFO  NewBankAccountOpener - Correct balance of first account found: $49900.00
11:16:29.875 [main] INFO  NewBankAccountOpener - Correct balance of second account found: $100.00
11:16:32.215 [main] INFO  FundsTransferService - Balance of first account is correct: $49900.00
11:16:32.254 [main] INFO  FundsTransferService - Balance of second account is correct: $100.00
11:16:35.434 [main] INFO  FundsTransferService - $5000 has been transferred to second account!
11:16:39.802 [main] INFO  config.Log - ======== End Test Case: userTransfersTheFundsTest ========
11:16:39.903 [main] INFO  config.Log - Driver quit successfully

11:16:40.259 [main] INFO  config.Log - ======== Start Test Case: userRequestsLoanTest ========
11:16:45.985 [main] ERROR HomePageUserRegistration - Registration failed: Success message not found
11:16:50.519 [main] INFO  LoanRequestService - Account type: LOAN
11:16:51.922 [main] INFO  LoanRequestService - Account numbers are matching!
11:16:52.823 [main] INFO  LoanRequestService - First down payment $1500.00 has been paid. Main account balance is: $48500.00
11:16:54.466 [main] INFO  LoanRequestService - Loan account balance: $10000.00
11:16:54.985 [main] INFO  config.Log - ======== End Test Case: userRequestsLoanTest ========
11:16:55.103 [main] INFO  config.Log - Driver quit successfully

11:16:55.464 [main] INFO  config.Log - ======== Start Test Case: userPayBillsTest ========
11:17:00.699 [main] ERROR HomePageUserRegistration - Registration failed: Success message not found
11:17:03.187 [main] INFO  NewBankAccountOpener - Found account with number: 15564 with expected balance.
11:17:05.543 [main] INFO  NewBankAccountOpener - Correct balance of first account found: $49900.00
11:17:05.574 [main] INFO  NewBankAccountOpener - Correct balance of second account found: $100.00
11:17:10.002 [main] INFO  config.Log - ======== End Test Case: userPayBillsTest ========
11:17:10.131 [main] INFO  config.Log - Driver quit successfully

11:17:10.479 [main] INFO  config.Log - ======== Start Test Case: userFindsTransactionTest ========
11:17:15.932 [main] ERROR HomePageUserRegistration - Registration failed: Success message not found
11:17:18.604 [main] INFO  NewBankAccountOpener - Found account with number: 16674 with expected balance.
11:17:21.003 [main] INFO  NewBankAccountOpener - Correct balance of first account found: $49900.00
11:17:21.048 [main] INFO  NewBankAccountOpener - Correct balance of second account found: $100.00
11:17:30.687 [main] INFO  config.Log - ======== End Test Case: userFindsTransactionTest ========
11:17:30.767 [main] INFO  config.Log - Driver quit successfully

11:17:36.184 [main] INFO  config.Log - ======== Start Test Case: registrationFieldValidationTest ========
11:17:38.543 [main] INFO  UserSignupFormValidation - Error message and color are as intended for First Name field.
11:17:38.593 [main] INFO  UserSignupFormValidation - Error message and color are as intended for Last Name field.
11:17:38.642 [main] INFO  UserSignupFormValidation - Error message and color are as intended for Address field.
11:17:38.693 [main] INFO  UserSignupFormValidation - Error message and color are as intended for City field.
11:17:38.741 [main] INFO  UserSignupFormValidation - Error message and color are as intended for State field.
11:17:38.806 [main] INFO  UserSignupFormValidation - Error message and color are as intended for Zip Code field.
11:17:38.854 [main] INFO  UserSignupFormValidation - Error message and color are as intended for Social Security Number field.
11:17:38.905 [main] INFO  UserSignupFormValidation - Error message and color are as intended for Username field.
11:17:38.950 [main] INFO  UserSignupFormValidation - Error message and color are as intended for Password field.
11:17:39.003 [main] INFO  UserSignupFormValidation - Error message and color are as intended for Password confirm field.
11:17:39.003 [main] INFO  config.Log - ======== End Test Case: registrationFieldValidationTest ========
11:17:40.126 [main] INFO  config.Log - Driver quit successfully

11:17:40.539 [main] INFO  config.Log - ======== Start Test Case: userLogInTest ========
11:17:47.604 [main] ERROR HomePageUserRegistration - Registration failed: Success message not found
11:17:49.612 [main] INFO  config.Log - User login successful
11:17:49.612 [main] INFO  config.Log - ======== End Test Case: userLogInTest ========
11:17:50.739 [main] INFO  config.Log - Driver quit successfully

11:17:51.111 [main] INFO  config.Log - ======== Start Test Case: userOpensNewBankAccountTest ========
11:17:58.329 [main] ERROR HomePageUserRegistration - Registration failed: Success message not found
11:18:02.966 [main] ERROR NewBankAccountOpener - Element not found. Retrying...
11:18:05.515 [main] ERROR NewBankAccountOpener - Element not found. Retrying...
11:18:08.076 [main] ERROR NewBankAccountOpener - Element not found. Retrying...
11:18:11.367 [main] INFO  config.Log - Driver quit successfully

11:18:11.882 [main] INFO  config.Log - ======== Start Test Case: userTransfersTheFundsTest ========
11:18:17.137 [main] ERROR HomePageUserRegistration - Registration failed: Success message not found
11:18:21.764 [main] ERROR NewBankAccountOpener - Element not found. Retrying...
11:18:24.317 [main] ERROR NewBankAccountOpener - Element not found. Retrying...
11:18:26.869 [main] ERROR NewBankAccountOpener - Element not found. Retrying...
11:18:30.211 [main] INFO  config.Log - Driver quit successfully

11:18:30.771 [main] INFO  config.Log - ======== Start Test Case: userRequestsLoanTest ========
11:18:37.942 [main] ERROR HomePageUserRegistration - Registration failed: Success message not found
11:18:43.293 [main] INFO  config.Log - Driver quit successfully

11:18:43.692 [main] INFO  config.Log - ======== Start Test Case: userPayBillsTest ========
11:18:48.944 [main] ERROR HomePageUserRegistration - Registration failed: Success message not found
11:18:53.525 [main] ERROR NewBankAccountOpener - Element not found. Retrying...
11:18:56.079 [main] ERROR NewBankAccountOpener - Element not found. Retrying...
11:18:58.631 [main] ERROR NewBankAccountOpener - Element not found. Retrying...
11:19:01.940 [main] INFO  config.Log - Driver quit successfully

11:19:02.388 [main] INFO  config.Log - ======== Start Test Case: userFindsTransactionTest ========
11:19:09.400 [main] ERROR HomePageUserRegistration - Registration failed: Success message not found
11:19:13.953 [main] ERROR NewBankAccountOpener - Element not found. Retrying...
11:19:16.500 [main] ERROR NewBankAccountOpener - Element not found. Retrying...
11:19:19.064 [main] ERROR NewBankAccountOpener - Element not found. Retrying...
11:19:22.361 [main] INFO  config.Log - Driver quit successfully

11:19:32.042 [main] INFO  config.Log - ======== Start Test Case: registrationFieldValidationTest ========
11:19:36.343 [main] WARN  UserSignupFormValidation - Error message or color is not as intended for First Name field.
11:19:36.373 [main] WARN  UserSignupFormValidation - Error message or color is not as intended for Last Name field.
11:19:36.402 [main] WARN  UserSignupFormValidation - Error message or color is not as intended for Address field.
11:19:36.433 [main] WARN  UserSignupFormValidation - Error message or color is not as intended for City field.
11:19:36.464 [main] WARN  UserSignupFormValidation - Error message or color is not as intended for State field.
11:19:36.493 [main] WARN  UserSignupFormValidation - Error message or color is not as intended for Zip Code field.
11:19:36.524 [main] WARN  UserSignupFormValidation - Error message or color is not as intended for Social Security Number field.
11:19:36.555 [main] WARN  UserSignupFormValidation - Error message or color is not as intended for Username field.
11:19:36.594 [main] WARN  UserSignupFormValidation - Error message or color is not as intended for Password field.
11:19:36.628 [main] WARN  UserSignupFormValidation - Error message or color is not as intended for Password confirm field.
11:19:36.628 [main] INFO  config.Log - ======== End Test Case: registrationFieldValidationTest ========
11:19:37.307 [main] INFO  config.Log - Driver quit successfully

11:19:39.082 [main] INFO  config.Log - ======== Start Test Case: userLogInTest ========
11:19:44.100 [main] ERROR HomePageUserRegistration - Registration failed: Success message not found
11:19:46.302 [main] INFO  config.Log - User login successful
11:19:46.302 [main] INFO  config.Log - ======== End Test Case: userLogInTest ========
11:19:46.996 [main] INFO  config.Log - Driver quit successfully

11:19:48.598 [main] INFO  config.Log - ======== Start Test Case: userOpensNewBankAccountTest ========
11:19:54.178 [main] ERROR HomePageUserRegistration - Registration failed: Success message not found
11:19:56.713 [main] INFO  NewBankAccountOpener - Found account with number: 14898 with expected balance.
11:19:59.444 [main] INFO  NewBankAccountOpener - Correct balance of first account found: $49900.00
11:19:59.467 [main] INFO  NewBankAccountOpener - Correct balance of second account found: $100.00
11:19:59.519 [main] INFO  config.Log - ======== End Test Case: userOpensNewBankAccountTest ========
11:20:00.208 [main] INFO  config.Log - Driver quit successfully

11:20:02.206 [main] INFO  config.Log - ======== Start Test Case: userTransfersTheFundsTest ========
11:20:07.210 [main] ERROR HomePageUserRegistration - Registration failed: Success message not found
11:20:09.609 [main] INFO  NewBankAccountOpener - Found account with number: 15231 with expected balance.
11:20:12.499 [main] INFO  NewBankAccountOpener - Correct balance of first account found: $49900.00
11:20:12.526 [main] INFO  NewBankAccountOpener - Correct balance of second account found: $100.00
11:20:14.906 [main] INFO  FundsTransferService - Balance of first account is correct: $49900.00
11:20:14.931 [main] INFO  FundsTransferService - Balance of second account is correct: $100.00
11:20:18.387 [main] INFO  FundsTransferService - $5000 has been transferred to second account!
11:20:22.820 [main] INFO  config.Log - ======== End Test Case: userTransfersTheFundsTest ========
11:20:23.523 [main] INFO  config.Log - Driver quit successfully

11:20:25.139 [main] INFO  config.Log - ======== Start Test Case: userRequestsLoanTest ========
11:20:31.467 [main] ERROR HomePageUserRegistration - Registration failed: Success message not found
11:20:36.221 [main] INFO  LoanRequestService - Account type: LOAN
11:20:37.685 [main] INFO  LoanRequestService - Account numbers are matching!
11:20:38.537 [main] INFO  LoanRequestService - First down payment $1500.00 has been paid. Main account balance is: $48500.00
11:20:40.222 [main] INFO  LoanRequestService - Loan account balance: $10000.00
11:20:40.800 [main] INFO  config.Log - ======== End Test Case: userRequestsLoanTest ========
11:20:41.492 [main] INFO  config.Log - Driver quit successfully

11:20:43.524 [main] INFO  config.Log - ======== Start Test Case: userPayBillsTest ========
11:20:49.899 [main] ERROR HomePageUserRegistration - Registration failed: Success message not found
11:20:52.730 [main] INFO  NewBankAccountOpener - Found account with number: 17007 with expected balance.
11:20:55.465 [main] INFO  NewBankAccountOpener - Correct balance of first account found: $49900.00
11:20:55.489 [main] INFO  NewBankAccountOpener - Correct balance of second account found: $100.00
11:20:59.899 [main] INFO  config.Log - ======== End Test Case: userPayBillsTest ========
11:21:00.792 [main] INFO  config.Log - Driver quit successfully

11:21:03.342 [main] INFO  config.Log - ======== Start Test Case: userFindsTransactionTest ========
11:21:10.238 [main] ERROR HomePageUserRegistration - Registration failed: Success message not found
11:21:12.770 [main] INFO  NewBankAccountOpener - Found account with number: 17229 with expected balance.
11:21:15.680 [main] INFO  NewBankAccountOpener - Correct balance of first account found: $49900.00
11:21:15.701 [main] INFO  NewBankAccountOpener - Correct balance of second account found: $100.00
11:21:26.177 [main] INFO  config.Log - ======== End Test Case: userFindsTransactionTest ========
11:21:26.789 [main] INFO  config.Log - Driver quit successfully

11:21:26.790 [main] INFO  config.Log - Stopping Selenium Grid on Docker container
